22:07:20 INFO  : Registering command handlers for SDK TCF services
22:07:22 INFO  : Launching XSCT server: xsct -n -interactive /fs/student/ashishvyas/Downloads/Lab2B/Lab1B_handout/Lab1B/Lab1B.sdk/temp_xsdb_launch_script.tcl
22:07:25 INFO  : XSCT server has started successfully.
22:07:25 INFO  : Successfully done setting XSCT server connection channel  
22:07:28 INFO  : Successfully done setting SDK workspace  
22:07:28 INFO  : Processing command line option -hwspec /fs/student/ashishvyas/Downloads/Lab2B/Lab1B_handout/Lab1B/Lab1B.sdk/system_wrapper.hdf.
16:50:59 INFO  : Registering command handlers for SDK TCF services
16:51:01 INFO  : Launching XSCT server: xsct -n -interactive /fs/student/ashishvyas/Downloads/Lab2B/Lab1B_handout/Lab1B/Lab1B.sdk/temp_xsdb_launch_script.tcl
16:51:04 INFO  : XSCT server has started successfully.
16:51:04 INFO  : Successfully done setting XSCT server connection channel  
16:51:08 INFO  : Successfully done setting SDK workspace  
16:51:08 INFO  : Processing command line option -hwspec /fs/student/ashishvyas/Downloads/Lab2B/Lab1B_handout/Lab1B/Lab1B.sdk/system_wrapper.hdf.
16:51:12 INFO  : Checking for hwspec changes in the project system_wrapper_hw_platform_0.
16:51:36 INFO  : Inferring section assignments and sizes from elf file: /fs/student/ashishvyas/Downloads/Lab2B/Lab1B_handout/Lab1B/Lab1B.sdk/project/Debug/project.elf
16:51:45 INFO  : Successfully generated /fs/student/ashishvyas/Downloads/Lab2B/Lab1B_handout/Lab1B/Lab1B.sdk/project/src/lscript.ld.
16:51:45 INFO  : Applying linker script to all configurations of project project.
16:51:45 INFO  : Setting rebuild state to true for all configurations of project project.
16:51:59 INFO  : 'targets -set -filter {jtag_cable_name =~ "Digilent Nexys4DDR 210292A4C432A" && level==0} -index 0' command is executed.
16:51:59 INFO  : 'fpga -state' command is executed.
16:52:08 INFO  : Connected to target on host '127.0.0.1' and port '3121'.
16:52:08 INFO  : Jtag cable 'Digilent Nexys4DDR 210292A4C432A' is selected.
16:52:08 INFO  : 'jtag frequency' command is executed.
16:52:08 INFO  : 'configparams mdm-detect-bscan-mask 2' command is executed.
16:52:11 ERROR : no targets found with "name =~ "microblaze*#0" && bscan=="USER2"  && jtag_cable_name =~ "Digilent Nexys4DDR 210292A4C432A"". available targets:
  1* xc7a100t
16:52:11 INFO  : ----------------XSDB Script----------------
connect -url tcp:127.0.0.1:3121
configparams mdm-detect-bscan-mask 2
targets -set -nocase -filter {name =~ "microblaze*#0" && bscan=="USER2"  && jtag_cable_name =~ "Digilent Nexys4DDR 210292A4C432A"} -index 0
----------------End of Script----------------

16:52:30 INFO  : Connected to target on host '127.0.0.1' and port '3121'.
16:52:30 INFO  : Jtag cable 'Digilent Nexys4DDR 210292A4C432A' is selected.
16:52:30 INFO  : 'jtag frequency' command is executed.
16:52:30 INFO  : 'targets -set -filter {jtag_cable_name =~ "Digilent Nexys4DDR 210292A4C432A" && level==0} -index 0' command is executed.
16:52:32 INFO  : FPGA configured successfully with bitstream "/fs/student/ashishvyas/Downloads/Lab2B/Lab1B_handout/Lab1B/Lab1B.sdk/system_wrapper_hw_platform_0/system_wrapper.bit"
16:52:32 INFO  : 'configparams mdm-detect-bscan-mask 2' command is executed.
16:52:32 INFO  : Context for processor 'microblaze_0' is selected.
16:52:33 INFO  : System reset is completed.
16:52:36 INFO  : 'after 3000' command is executed.
16:52:36 INFO  : Context for processor 'microblaze_0' is selected.
16:52:36 INFO  : The application '/fs/student/ashishvyas/Downloads/Lab2B/Lab1B_handout/Lab1B/Lab1B.sdk/project/Debug/project.elf' is downloaded to processor 'microblaze_0'.
16:52:36 INFO  : ----------------XSDB Script----------------
connect -url tcp:127.0.0.1:3121
targets -set -filter {jtag_cable_name =~ "Digilent Nexys4DDR 210292A4C432A" && level==0} -index 0
fpga -file /fs/student/ashishvyas/Downloads/Lab2B/Lab1B_handout/Lab1B/Lab1B.sdk/system_wrapper_hw_platform_0/system_wrapper.bit
configparams mdm-detect-bscan-mask 2
targets -set -nocase -filter {name =~ "microblaze*#0" && bscan=="USER2"  && jtag_cable_name =~ "Digilent Nexys4DDR 210292A4C432A"} -index 0
rst -system
after 3000
targets -set -nocase -filter {name =~ "microblaze*#0" && bscan=="USER2"  && jtag_cable_name =~ "Digilent Nexys4DDR 210292A4C432A"} -index 0
dow /fs/student/ashishvyas/Downloads/Lab2B/Lab1B_handout/Lab1B/Lab1B.sdk/project/Debug/project.elf
----------------End of Script----------------

16:52:36 INFO  : Memory regions updated for context MicroBlaze #0
16:52:36 INFO  : Memory regions updated for context MicroBlaze Debug Module at USER2
16:52:36 INFO  : Context for processor 'microblaze_0' is selected.
16:52:37 INFO  : 'con' command is executed.
16:52:37 INFO  : ----------------XSDB Script (After Launch)----------------
targets -set -nocase -filter {name =~ "microblaze*#0" && bscan=="USER2"  && jtag_cable_name =~ "Digilent Nexys4DDR 210292A4C432A"} -index 0
con
----------------End of Script----------------

16:52:37 INFO  : Launch script is exported to file '/fs/student/ashishvyas/Downloads/Lab2B/Lab1B_handout/Lab1B/Lab1B.sdk/.sdk/launch_scripts/xilinx_c-c++_application_(system_debugger)/system_debugger_using_debug_project.elf_on_local.tcl'
16:53:33 INFO  : Disconnected from the channel tcfchan#1.
